
==================================================
第三轮重试 专利法: 9页
==================================================
  第21页 ✓ 16.0s (794字)
  第30页 ✓ 23.5s (624字)
  第39页 ✓ 26.0s (915字)
  第57页 ✓ 15.4s (670字)
  第84页 ✓ 18.7s (911字)
  第85页 ✓ 13.3s (762字)
  第91页 ✓ 23.7s (1087字)
  第93页 ✓ 43.1s (1475字)
  第99页 ✓ 27.5s (1630字)

专利法: 修复9页, 仍失败0页

==================================================
第三轮重试 相关法: 14页
==================================================
  第22页 ✓ 19.4s (882字)
  第23页 ✓ 16.8s (900字)
  第26页 ✓ 27.4s (857字)
  第31页 ✓ 15.3s (654字)
  第40页 ✓ 13.8s (939字)
  第53页 ✓ 18.0s (970字)
  第57页 ✓ 16.3s (887字)
  第62页 ✓ 20.8s (926字)
  第65页 ✓ 20.0s (920字)
  第71页 ✓ 14.8s (829字)
  第77页 ✓ 21.1s (835字)
  第78页 ✓ 17.8s (798字)
  第94页 ✓ 21.2s (1161字)
  第103页 ✓ 28.4s (1449字)

相关法: 修复14页, 仍失败0页

完成!
