
==================================================
重试 专利法: 37个失败页面
页面: [2, 9, 11, 12, 20, 21, 22, 23, 26, 29, 30, 39, 40, 43, 54, 56, 57, 59, 60, 65, 67, 68, 74, 77, 84, 85, 86, 87, 88, 91, 93, 94, 98, 99, 100, 103, 104]
==================================================

  [专利法] 重试第2页 (1/37) ✓ 21.7s | 24个知识点, 0个表格
  [专利法] 重试第9页 (2/37) ✓ 35.3s | 4个知识点, 0个表格
  [专利法] 重试第11页 (3/37) ✓ 25.1s | 4个知识点, 0个表格
  [专利法] 重试第12页 (4/37) ✓ 54.5s | 4个知识点, 0个表格
  [专利法] 重试第20页 (5/37) ✓ 33.6s | 3个知识点, 0个表格
  [专利法] 重试第21页 (6/37) ⚠ 解析仍失败
  [专利法] 重试第22页 (7/37) ⚠ 解析仍失败
  [专利法] 重试第23页 (8/37) ✓ 26.1s | 4个知识点, 1个表格
  [专利法] 重试第26页 (9/37) ✓ 20.3s | 4个知识点, 0个表格
  [专利法] 重试第29页 (10/37) ✓ 51.9s | 2个知识点, 0个表格
  --- 已保存 ---
  [专利法] 重试第30页 (11/37) ✗ API仍失败
  [专利法] 重试第39页 (12/37) ✗ API仍失败
  [专利法] 重试第40页 (13/37) ✗ API仍失败
  [专利法] 重试第43页 (14/37) ⚠ 解析仍失败
  [专利法] 重试第54页 (15/37) ✓ 19.9s | 4个知识点, 0个表格
  [专利法] 重试第56页 (16/37) ✓ 27.4s | 3个知识点, 0个表格
  [专利法] 重试第57页 (17/37) ✗ API仍失败
  [专利法] 重试第59页 (18/37) ⚠ 解析仍失败
  [专利法] 重试第60页 (19/37) ✓ 26.7s | 4个知识点, 0个表格
  [专利法] 重试第65页 (20/37) ✓ 27.4s | 4个知识点, 0个表格
  --- 已保存 ---
  [专利法] 重试第67页 (21/37) ✓ 20.6s | 3个知识点, 0个表格
  [专利法] 重试第68页 (22/37) ✓ 23.4s | 3个知识点, 0个表格
  [专利法] 重试第74页 (23/37) ✓ 20.9s | 4个知识点, 0个表格
  [专利法] 重试第77页 (24/37) ⚠ 解析仍失败
  [专利法] 重试第84页 (25/37) ✗ API仍失败
  [专利法] 重试第85页 (26/37) ✗ API仍失败
  [专利法] 重试第86页 (27/37) ✗ API仍失败
  [专利法] 重试第87页 (28/37) ✓ 22.7s | 7个知识点, 0个表格
  [专利法] 重试第88页 (29/37) ✓ 22.9s | 9个知识点, 0个表格
  [专利法] 重试第91页 (30/37) ⚠ 解析仍失败
  --- 已保存 ---
  [专利法] 重试第93页 (31/37) ✗ API仍失败
  [专利法] 重试第94页 (32/37) ✓ 28.2s | 3个知识点, 3个表格
  [专利法] 重试第98页 (33/37) ✓ 22.6s | 0个知识点, 1个表格
  [专利法] 重试第99页 (34/37) ⚠ 解析仍失败
  [专利法] 重试第100页 (35/37) ✓ 20.1s | 3个知识点, 1个表格
  [专利法] 重试第103页 (36/37) ✓ 49.0s | 4个知识点, 0个表格
  [专利法] 重试第104页 (37/37) ✓ 26.6s | 2个知识点, 0个表格

专利法重试完成:
  重试: 37页
  修复: 22页
  仍失败: 15页


重试全部完成!
