
==================================================
重试 专利法: 20个失败页面
页面: [21, 22, 30, 39, 40, 43, 57, 59, 77, 84, 85, 86, 91, 93, 94, 98, 99, 100, 103, 104]
==================================================

  [专利法] 重试第21页 (1/20) ✗ API仍失败
  [专利法] 重试第22页 (2/20) ✓ 28.0s | 4个知识点, 0个表格
  [专利法] 重试第30页 (3/20) ⚠ 解析仍失败
  [专利法] 重试第39页 (4/20) ✗ API仍失败
  [专利法] 重试第40页 (5/20) ✓ 25.8s | 3个知识点, 1个表格
  [专利法] 重试第43页 (6/20) ✓ 51.6s | 3个知识点, 0个表格
  [专利法] 重试第57页 (7/20) ⚠ 解析仍失败
  [专利法] 重试第59页 (8/20) ✓ 16.0s | 2个知识点, 0个表格
  [专利法] 重试第77页 (9/20) ✓ 51.3s | 6个知识点, 0个表格
  [专利法] 重试第84页 (10/20) ⚠ 解析仍失败
  --- 已保存 ---
  [专利法] 重试第85页 (11/20) ⚠ 解析仍失败
  [专利法] 重试第86页 (12/20) ✓ 50.2s | 5个知识点, 0个表格
  [专利法] 重试第91页 (13/20) ✗ API仍失败
  [专利法] 重试第93页 (14/20) ✗ API仍失败
  [专利法] 重试第94页 (15/20) ✓ 14.0s | 3个知识点, 1个表格
  [专利法] 重试第98页 (16/20) ✓ 38.7s | 10个知识点, 2个表格
  [专利法] 重试第99页 (17/20) ⚠ 解析仍失败
  [专利法] 重试第100页 (18/20) ✓ 12.0s | 3个知识点, 1个表格
  [专利法] 重试第103页 (19/20) ✓ 38.7s | 4个知识点, 0个表格
  [专利法] 重试第104页 (20/20) ✓ 23.8s | 4个知识点, 0个表格
  --- 已保存 ---

专利法重试完成:
  重试: 20页
  修复: 11页
  仍失败: 9页


重试全部完成!
