
==================================================
重试 相关法: 35个失败页面
页面: [11, 13, 16, 22, 23, 26, 27, 31, 33, 37, 40, 41, 45, 47, 49, 52, 53, 54, 55, 57, 60, 62, 65, 66, 71, 77, 78, 86, 89, 93, 94, 96, 98, 101, 103]
==================================================

  [相关法] 重试第11页 (1/35) ✓ 21.5s | 5个知识点, 0个表格
  [相关法] 重试第13页 (2/35) ✓ 58.9s | 6个知识点, 0个表格
  [相关法] 重试第16页 (3/35) ✓ 47.1s | 3个知识点, 0个表格
  [相关法] 重试第22页 (4/35) ✗ API仍失败
  [相关法] 重试第23页 (5/35) ✗ API仍失败
  [相关法] 重试第26页 (6/35) ⚠ 解析仍失败
  [相关法] 重试第27页 (7/35) ✓ 17.4s | 8个知识点, 0个表格
  [相关法] 重试第31页 (8/35) ✗ API仍失败
  [相关法] 重试第33页 (9/35) ✓ 19.1s | 4个知识点, 0个表格
  [相关法] 重试第37页 (10/35) ✓ 23.1s | 4个知识点, 1个表格
  --- 已保存 ---
  [相关法] 重试第40页 (11/35) ⚠ 解析仍失败
  [相关法] 重试第41页 (12/35) ✓ 26.0s | 8个知识点, 1个表格
  [相关法] 重试第45页 (13/35) ✓ 20.2s | 2个知识点, 1个表格
  [相关法] 重试第47页 (14/35) ✓ 36.5s | 5个知识点, 1个表格
  [相关法] 重试第49页 (15/35) ✓ 23.1s | 4个知识点, 0个表格
  [相关法] 重试第52页 (16/35) ✓ 29.7s | 6个知识点, 1个表格
  [相关法] 重试第53页 (17/35) ⚠ 解析仍失败
  [相关法] 重试第54页 (18/35) ✓ 22.3s | 5个知识点, 1个表格
  [相关法] 重试第55页 (19/35) ✓ 16.3s | 3个知识点, 0个表格
  [相关法] 重试第57页 (20/35) ⚠ 解析仍失败
  --- 已保存 ---
  [相关法] 重试第60页 (21/35) ✓ 24.8s | 3个知识点, 0个表格
  [相关法] 重试第62页 (22/35) ✗ API仍失败
  [相关法] 重试第65页 (23/35) ⚠ 解析仍失败
  [相关法] 重试第66页 (24/35) ✓ 31.0s | 2个知识点, 1个表格
  [相关法] 重试第71页 (25/35) ✗ API仍失败
  [相关法] 重试第77页 (26/35) ✗ API仍失败
  [相关法] 重试第78页 (27/35) ⚠ 解析仍失败
  [相关法] 重试第86页 (28/35) ✓ 17.6s | 3个知识点, 0个表格
  [相关法] 重试第89页 (29/35) ✓ 25.5s | 8个知识点, 0个表格
  [相关法] 重试第93页 (30/35) ✓ 26.3s | 5个知识点, 6个表格
  --- 已保存 ---
  [相关法] 重试第94页 (31/35) ✗ API仍失败
  [相关法] 重试第96页 (32/35) ✓ 26.1s | 5个知识点, 5个表格
  [相关法] 重试第98页 (33/35) ✓ 23.5s | 4个知识点, 1个表格
  [相关法] 重试第101页 (34/35) ✓ 25.5s | 4个知识点, 3个表格
  [相关法] 重试第103页 (35/35) ✗ API仍失败

相关法重试完成:
  重试: 35页
  修复: 21页
  仍失败: 14页


重试全部完成!
